-------------------------------------------------------------------------------
Test set: DepositManagerTest
-------------------------------------------------------------------------------
Tests run: 1, Failures: 0, Errors: 1, Skipped: 0, Time elapsed: 0.001 s <<< FAILURE! - in DepositManagerTest
testDeposit(DepositManagerTest)  Time elapsed: 0.001 s  <<< ERROR!
java.lang.ClassCastException: class org.json.JSONArray cannot be cast to class java.lang.String (org.json.JSONArray is in unnamed module of loader 'app'; java.lang.String is in module java.base of loader 'bootstrap')
	at DepositManagerTest.testDeposit(DepositManagerTest.java:28)

